[ 2017-08-10T15:33:59+08:00 ] ::1 /dangdang/Admin
INFO: [ app_init ] --START--
INFO: Run Behavior\BuildLiteBehavior [ RunTime:0.000000s ]
INFO: [ app_init ] --END-- [ RunTime:0.001000s ]

[ 2017-08-10T15:33:59+08:00 ] ::1 /dangdang/index.php/Admin/Login/index.html
INFO: [ app_init ] --START--
INFO: Run Behavior\BuildLiteBehavior [ RunTime:0.000000s ]
INFO: [ app_init ] --END-- [ RunTime:0.000000s ]

[ 2017-08-10T15:34:13+08:00 ] ::1 /dangdang/index.php/Admin/Login/login
INFO: [ app_init ] --START--
INFO: Run Behavior\BuildLiteBehavior [ RunTime:0.000000s ]
INFO: [ app_init ] --END-- [ RunTime:0.001000s ]

[ 2017-08-10T15:34:46+08:00 ] ::1 /dangdang/index.php/Admin/Login/index.html
INFO: [ app_init ] --START--
INFO: Run Behavior\BuildLiteBehavior [ RunTime:0.000000s ]
INFO: [ app_init ] --END-- [ RunTime:0.001000s ]

[ 2017-08-10T15:35:01+08:00 ] ::1 /dangdang/index.php/Admin/Login/index.html
INFO: [ app_init ] --START--
INFO: Run Behavior\BuildLiteBehavior [ RunTime:0.000000s ]
INFO: [ app_init ] --END-- [ RunTime:0.001000s ]

[ 2017-08-10T15:35:05+08:00 ] ::1 /dangdang/index.php/Admin/Login/login
INFO: [ app_init ] --START--
INFO: Run Behavior\BuildLiteBehavior [ RunTime:0.000000s ]
INFO: [ app_init ] --END-- [ RunTime:0.000000s ]

[ 2017-08-10T15:35:05+08:00 ] ::1 /dangdang/index.php/Admin/Index/index.html
INFO: [ app_init ] --START--
INFO: Run Behavior\BuildLiteBehavior [ RunTime:0.000000s ]
INFO: [ app_init ] --END-- [ RunTime:0.000000s ]

[ 2017-08-10T15:36:21+08:00 ] ::1 /dangdang/index.php/Admin/Index/index.html
INFO: [ app_init ] --START--
INFO: Run Behavior\BuildLiteBehavior [ RunTime:0.000000s ]
INFO: [ app_init ] --END-- [ RunTime:0.001000s ]

[ 2017-08-10T15:36:23+08:00 ] ::1 /dangdang/index.php/Admin/Index/index.html
INFO: [ app_init ] --START--
INFO: Run Behavior\BuildLiteBehavior [ RunTime:0.000000s ]
INFO: [ app_init ] --END-- [ RunTime:0.001000s ]

[ 2017-08-10T15:38:53+08:00 ] ::1 /dangdang/index.php/Admin/Index/index.html
INFO: [ app_init ] --START--
INFO: Run Behavior\BuildLiteBehavior [ RunTime:0.000000s ]
INFO: [ app_init ] --END-- [ RunTime:0.001000s ]

[ 2017-08-10T15:38:55+08:00 ] ::1 /dangdang/index.php/Admin/Index/index.html
INFO: [ app_init ] --START--
INFO: Run Behavior\BuildLiteBehavior [ RunTime:0.000000s ]
INFO: [ app_init ] --END-- [ RunTime:0.000000s ]

[ 2017-08-10T15:39:10+08:00 ] ::1 /dangdang/index.php/Admin/Index/index.html
INFO: [ app_init ] --START--
INFO: Run Behavior\BuildLiteBehavior [ RunTime:0.000000s ]
INFO: [ app_init ] --END-- [ RunTime:0.000000s ]

[ 2017-08-10T15:39:37+08:00 ] ::1 /dangdang/index.php/Admin/Index/index.html
INFO: [ app_init ] --START--
INFO: Run Behavior\BuildLiteBehavior [ RunTime:0.000000s ]
INFO: [ app_init ] --END-- [ RunTime:0.001000s ]

[ 2017-08-10T15:39:40+08:00 ] ::1 /dangdang/Admin/Index/index.html
INFO: [ app_init ] --START--
INFO: Run Behavior\BuildLiteBehavior [ RunTime:0.000000s ]
INFO: [ app_init ] --END-- [ RunTime:0.001000s ]

[ 2017-08-10T15:39:43+08:00 ] ::1 /dangdang/Admin/Index/index.html
INFO: [ app_init ] --START--
INFO: Run Behavior\BuildLiteBehavior [ RunTime:0.000000s ]
INFO: [ app_init ] --END-- [ RunTime:0.001000s ]

[ 2017-08-10T15:39:49+08:00 ] ::1 /dangdang/Admin/Goods/show_edit_classify.html
INFO: [ app_init ] --START--
INFO: Run Behavior\BuildLiteBehavior [ RunTime:0.000000s ]
INFO: [ app_init ] --END-- [ RunTime:0.000000s ]

[ 2017-08-10T15:41:24+08:00 ] ::1 /dangdang/Admin/Goods/show_edit_classify.html
INFO: [ app_init ] --START--
INFO: Run Behavior\BuildLiteBehavior [ RunTime:0.000000s ]
INFO: [ app_init ] --END-- [ RunTime:0.000000s ]

[ 2017-08-10T15:41:26+08:00 ] ::1 /dangdang/Admin/Goods/show_edit_classify.html
INFO: [ app_init ] --START--
INFO: Run Behavior\BuildLiteBehavior [ RunTime:0.000000s ]
INFO: [ app_init ] --END-- [ RunTime:0.001001s ]

[ 2017-08-10T15:44:25+08:00 ] ::1 /dangdang/Admin/Goods/show_edit_classify.html
INFO: [ app_init ] --START--
INFO: Run Behavior\BuildLiteBehavior [ RunTime:0.000000s ]
INFO: [ app_init ] --END-- [ RunTime:0.001000s ]

[ 2017-08-10T15:44:26+08:00 ] ::1 /dangdang/Admin/Goods/show_edit_classify.html
INFO: [ app_init ] --START--
INFO: Run Behavior\BuildLiteBehavior [ RunTime:0.000000s ]
INFO: [ app_init ] --END-- [ RunTime:0.001000s ]

[ 2017-08-10T15:48:35+08:00 ] ::1 /dangdang/Admin/Goods/show_edit_classify.html
INFO: [ app_init ] --START--
INFO: Run Behavior\BuildLiteBehavior [ RunTime:0.000000s ]
INFO: [ app_init ] --END-- [ RunTime:0.001000s ]

[ 2017-08-10T15:49:07+08:00 ] ::1 /dangdang/Admin/Goods/del_classify.html?id=21
INFO: [ app_init ] --START--
INFO: Run Behavior\BuildLiteBehavior [ RunTime:0.000000s ]
INFO: [ app_init ] --END-- [ RunTime:0.001000s ]
INFO: [ app_begin ] --START--
INFO: Run Behavior\ReadHtmlCacheBehavior [ RunTime:0.000000s ]
INFO: [ app_begin ] --END-- [ RunTime:0.001000s ]
SQL: SELECT A.* FROM `shop_limit` AS A 
              LEFT JOIN `shop_role_limit` AS B ON A.id=B.limit_id 
              LEFT JOIN shop_role C ON B.role_id=C.id 
              INNER JOIN shop_admin_role AS D ON C.id=D.role_id AND D.admin_id=1 [ RunTime:0.0000s ]
SQL: SHOW COLUMNS FROM `shop_goods_classify` [ RunTime:0.0000s ]
SQL: DELETE FROM `shop_goods_classify` WHERE `id` = 21 [ RunTime:0.0000s ]

[ 2017-08-10T15:49:10+08:00 ] ::1 /dangdang/Admin/Goods/show_edit_classify.html
INFO: [ app_init ] --START--
INFO: Run Behavior\BuildLiteBehavior [ RunTime:0.000000s ]
INFO: [ app_init ] --END-- [ RunTime:0.000000s ]

[ 2017-08-10T15:49:24+08:00 ] ::1 /dangdang/Admin/Goods/show_edit_classify.html
INFO: [ app_init ] --START--
INFO: Run Behavior\BuildLiteBehavior [ RunTime:0.000000s ]
INFO: [ app_init ] --END-- [ RunTime:0.001000s ]

[ 2017-08-10T15:49:28+08:00 ] ::1 /dangdang/Admin/Goods/del_classify.html?id=22
INFO: [ app_init ] --START--
INFO: Run Behavior\BuildLiteBehavior [ RunTime:0.000000s ]
INFO: [ app_init ] --END-- [ RunTime:0.001000s ]
INFO: [ app_begin ] --START--
INFO: Run Behavior\ReadHtmlCacheBehavior [ RunTime:0.001000s ]
INFO: [ app_begin ] --END-- [ RunTime:0.001000s ]
SQL: SELECT A.* FROM `shop_limit` AS A 
              LEFT JOIN `shop_role_limit` AS B ON A.id=B.limit_id 
              LEFT JOIN shop_role C ON B.role_id=C.id 
              INNER JOIN shop_admin_role AS D ON C.id=D.role_id AND D.admin_id=1 [ RunTime:0.0010s ]
SQL: SHOW COLUMNS FROM `shop_goods_classify` [ RunTime:0.0000s ]
SQL: DELETE FROM `shop_goods_classify` WHERE `id` = 22 [ RunTime:0.0000s ]

[ 2017-08-10T15:49:30+08:00 ] ::1 /dangdang/Admin/Goods/del_classify.html?id=23
INFO: [ app_init ] --START--
INFO: Run Behavior\BuildLiteBehavior [ RunTime:0.000000s ]
INFO: [ app_init ] --END-- [ RunTime:0.001001s ]
INFO: [ app_begin ] --START--
INFO: Run Behavior\ReadHtmlCacheBehavior [ RunTime:0.001000s ]
INFO: [ app_begin ] --END-- [ RunTime:0.001000s ]
SQL: SELECT A.* FROM `shop_limit` AS A 
              LEFT JOIN `shop_role_limit` AS B ON A.id=B.limit_id 
              LEFT JOIN shop_role C ON B.role_id=C.id 
              INNER JOIN shop_admin_role AS D ON C.id=D.role_id AND D.admin_id=1 [ RunTime:0.0010s ]
SQL: SHOW COLUMNS FROM `shop_goods_classify` [ RunTime:0.0010s ]
SQL: DELETE FROM `shop_goods_classify` WHERE `id` = 23 [ RunTime:0.0000s ]

[ 2017-08-10T15:49:31+08:00 ] ::1 /dangdang/Admin/Goods/del_classify.html?id=24
INFO: [ app_init ] --START--
INFO: Run Behavior\BuildLiteBehavior [ RunTime:0.000000s ]
INFO: [ app_init ] --END-- [ RunTime:0.000000s ]
INFO: [ app_begin ] --START--
INFO: Run Behavior\ReadHtmlCacheBehavior [ RunTime:0.001000s ]
INFO: [ app_begin ] --END-- [ RunTime:0.001000s ]
SQL: SELECT A.* FROM `shop_limit` AS A 
              LEFT JOIN `shop_role_limit` AS B ON A.id=B.limit_id 
              LEFT JOIN shop_role C ON B.role_id=C.id 
              INNER JOIN shop_admin_role AS D ON C.id=D.role_id AND D.admin_id=1 [ RunTime:0.0020s ]
SQL: SHOW COLUMNS FROM `shop_goods_classify` [ RunTime:0.0010s ]
SQL: DELETE FROM `shop_goods_classify` WHERE `id` = 24 [ RunTime:0.0000s ]

[ 2017-08-10T15:49:32+08:00 ] ::1 /dangdang/Admin/Goods/del_classify.html?id=25
INFO: [ app_init ] --START--
INFO: Run Behavior\BuildLiteBehavior [ RunTime:0.000000s ]
INFO: [ app_init ] --END-- [ RunTime:0.001000s ]
INFO: [ app_begin ] --START--
INFO: Run Behavior\ReadHtmlCacheBehavior [ RunTime:0.001000s ]
INFO: [ app_begin ] --END-- [ RunTime:0.001000s ]
SQL: SELECT A.* FROM `shop_limit` AS A 
              LEFT JOIN `shop_role_limit` AS B ON A.id=B.limit_id 
              LEFT JOIN shop_role C ON B.role_id=C.id 
              INNER JOIN shop_admin_role AS D ON C.id=D.role_id AND D.admin_id=1 [ RunTime:0.0000s ]
SQL: SHOW COLUMNS FROM `shop_goods_classify` [ RunTime:0.0010s ]
SQL: DELETE FROM `shop_goods_classify` WHERE `id` = 25 [ RunTime:0.0000s ]

[ 2017-08-10T15:49:36+08:00 ] ::1 /dangdang/Admin/Goods/del_classify.html?id=26
INFO: [ app_init ] --START--
INFO: Run Behavior\BuildLiteBehavior [ RunTime:0.000000s ]
INFO: [ app_init ] --END-- [ RunTime:0.000000s ]
INFO: [ app_begin ] --START--
INFO: Run Behavior\ReadHtmlCacheBehavior [ RunTime:0.000000s ]
INFO: [ app_begin ] --END-- [ RunTime:0.000000s ]
SQL: SELECT A.* FROM `shop_limit` AS A 
              LEFT JOIN `shop_role_limit` AS B ON A.id=B.limit_id 
              LEFT JOIN shop_role C ON B.role_id=C.id 
              INNER JOIN shop_admin_role AS D ON C.id=D.role_id AND D.admin_id=1 [ RunTime:0.0000s ]
SQL: SHOW COLUMNS FROM `shop_goods_classify` [ RunTime:0.0000s ]
SQL: DELETE FROM `shop_goods_classify` WHERE `id` = 26 [ RunTime:0.0010s ]

[ 2017-08-10T15:49:36+08:00 ] ::1 /dangdang/Admin/Goods/del_classify.html?id=27
INFO: [ app_init ] --START--
INFO: Run Behavior\BuildLiteBehavior [ RunTime:0.000000s ]
INFO: [ app_init ] --END-- [ RunTime:0.000000s ]
INFO: [ app_begin ] --START--
INFO: Run Behavior\ReadHtmlCacheBehavior [ RunTime:0.000000s ]
INFO: [ app_begin ] --END-- [ RunTime:0.000000s ]
SQL: SELECT A.* FROM `shop_limit` AS A 
              LEFT JOIN `shop_role_limit` AS B ON A.id=B.limit_id 
              LEFT JOIN shop_role C ON B.role_id=C.id 
              INNER JOIN shop_admin_role AS D ON C.id=D.role_id AND D.admin_id=1 [ RunTime:0.0010s ]
SQL: SHOW COLUMNS FROM `shop_goods_classify` [ RunTime:0.0010s ]
SQL: DELETE FROM `shop_goods_classify` WHERE `id` = 27 [ RunTime:0.0000s ]

[ 2017-08-10T15:49:38+08:00 ] ::1 /dangdang/Admin/Goods/del_classify.html?id=28
INFO: [ app_init ] --START--
INFO: Run Behavior\BuildLiteBehavior [ RunTime:0.000000s ]
INFO: [ app_init ] --END-- [ RunTime:0.000000s ]
INFO: [ app_begin ] --START--
INFO: Run Behavior\ReadHtmlCacheBehavior [ RunTime:0.001000s ]
INFO: [ app_begin ] --END-- [ RunTime:0.001000s ]
SQL: SELECT A.* FROM `shop_limit` AS A 
              LEFT JOIN `shop_role_limit` AS B ON A.id=B.limit_id 
              LEFT JOIN shop_role C ON B.role_id=C.id 
              INNER JOIN shop_admin_role AS D ON C.id=D.role_id AND D.admin_id=1 [ RunTime:0.0010s ]
SQL: SHOW COLUMNS FROM `shop_goods_classify` [ RunTime:0.0010s ]
SQL: DELETE FROM `shop_goods_classify` WHERE `id` = 28 [ RunTime:0.0000s ]

[ 2017-08-10T15:49:39+08:00 ] ::1 /dangdang/Admin/Goods/del_classify.html?id=29
INFO: [ app_init ] --START--
INFO: Run Behavior\BuildLiteBehavior [ RunTime:0.000000s ]
INFO: [ app_init ] --END-- [ RunTime:0.001000s ]
INFO: [ app_begin ] --START--
INFO: Run Behavior\ReadHtmlCacheBehavior [ RunTime:0.001000s ]
INFO: [ app_begin ] --END-- [ RunTime:0.001000s ]
SQL: SELECT A.* FROM `shop_limit` AS A 
              LEFT JOIN `shop_role_limit` AS B ON A.id=B.limit_id 
              LEFT JOIN shop_role C ON B.role_id=C.id 
              INNER JOIN shop_admin_role AS D ON C.id=D.role_id AND D.admin_id=1 [ RunTime:0.0020s ]
SQL: SHOW COLUMNS FROM `shop_goods_classify` [ RunTime:0.0000s ]
SQL: DELETE FROM `shop_goods_classify` WHERE `id` = 29 [ RunTime:0.0000s ]

[ 2017-08-10T15:49:40+08:00 ] ::1 /dangdang/Admin/Goods/show_edit_classify.html
INFO: [ app_init ] --START--
INFO: Run Behavior\BuildLiteBehavior [ RunTime:0.000000s ]
INFO: [ app_init ] --END-- [ RunTime:0.000000s ]

[ 2017-08-10T15:49:51+08:00 ] ::1 /dangdang/Admin/Goods/del_classify.html?id=9
INFO: [ app_init ] --START--
INFO: Run Behavior\BuildLiteBehavior [ RunTime:0.000000s ]
INFO: [ app_init ] --END-- [ RunTime:0.001000s ]
INFO: [ app_begin ] --START--
INFO: Run Behavior\ReadHtmlCacheBehavior [ RunTime:0.001000s ]
INFO: [ app_begin ] --END-- [ RunTime:0.001000s ]
SQL: SELECT A.* FROM `shop_limit` AS A 
              LEFT JOIN `shop_role_limit` AS B ON A.id=B.limit_id 
              LEFT JOIN shop_role C ON B.role_id=C.id 
              INNER JOIN shop_admin_role AS D ON C.id=D.role_id AND D.admin_id=1 [ RunTime:0.0000s ]
SQL: SHOW COLUMNS FROM `shop_goods_classify` [ RunTime:0.0000s ]
SQL: DELETE FROM `shop_goods_classify` WHERE `id` = 9 [ RunTime:0.0000s ]

[ 2017-08-10T15:49:53+08:00 ] ::1 /dangdang/Admin/Goods/show_edit_classify.html
INFO: [ app_init ] --START--
INFO: Run Behavior\BuildLiteBehavior [ RunTime:0.000000s ]
INFO: [ app_init ] --END-- [ RunTime:0.001000s ]

[ 2017-08-10T15:50:34+08:00 ] ::1 /dangdang/Admin/Goods/show_edit_classify.html
INFO: [ app_init ] --START--
INFO: Run Behavior\BuildLiteBehavior [ RunTime:0.000000s ]
INFO: [ app_init ] --END-- [ RunTime:0.000000s ]

[ 2017-08-10T15:50:39+08:00 ] ::1 /dangdang/Admin/Goods/del_classify.html?id=33
INFO: [ app_init ] --START--
INFO: Run Behavior\BuildLiteBehavior [ RunTime:0.000000s ]
INFO: [ app_init ] --END-- [ RunTime:0.000000s ]
INFO: [ app_begin ] --START--
INFO: Run Behavior\ReadHtmlCacheBehavior [ RunTime:0.001000s ]
INFO: [ app_begin ] --END-- [ RunTime:0.001000s ]
SQL: SELECT A.* FROM `shop_limit` AS A 
              LEFT JOIN `shop_role_limit` AS B ON A.id=B.limit_id 
              LEFT JOIN shop_role C ON B.role_id=C.id 
              INNER JOIN shop_admin_role AS D ON C.id=D.role_id AND D.admin_id=1 [ RunTime:0.0010s ]
SQL: SHOW COLUMNS FROM `shop_goods_classify` [ RunTime:0.0010s ]
SQL: DELETE FROM `shop_goods_classify` WHERE `id` = 33 [ RunTime:0.0000s ]

[ 2017-08-10T15:50:46+08:00 ] ::1 /dangdang/Admin/Goods/show_edit_classify.html
INFO: [ app_init ] --START--
INFO: Run Behavior\BuildLiteBehavior [ RunTime:0.000000s ]
INFO: [ app_init ] --END-- [ RunTime:0.001000s ]

[ 2017-08-10T15:50:55+08:00 ] ::1 /dangdang/Admin/Goods/show_edit_classify.html
INFO: [ app_init ] --START--
INFO: Run Behavior\BuildLiteBehavior [ RunTime:0.000000s ]
INFO: [ app_init ] --END-- [ RunTime:0.001000s ]

[ 2017-08-10T15:51:00+08:00 ] ::1 /dangdang/Admin/Limit/chmod/id/1.html
INFO: [ app_init ] --START--
INFO: Run Behavior\BuildLiteBehavior [ RunTime:0.000000s ]
INFO: [ app_init ] --END-- [ RunTime:0.001000s ]

