[ 2017-08-09T14:10:52+08:00 ] ::1 /dangdang/Admin/
INFO: [ app_init ] --START--
INFO: Run Behavior\BuildLiteBehavior [ RunTime:0.000000s ]
INFO: [ app_init ] --END-- [ RunTime:0.000000s ]

[ 2017-08-09T14:10:52+08:00 ] ::1 /dangdang/index.php/Admin/Login/index.html
INFO: [ app_init ] --START--
INFO: Run Behavior\BuildLiteBehavior [ RunTime:0.000000s ]
INFO: [ app_init ] --END-- [ RunTime:0.000000s ]

[ 2017-08-09T14:10:55+08:00 ] ::1 /dangdang/index.php/Admin/Login/login
INFO: [ app_init ] --START--
INFO: Run Behavior\BuildLiteBehavior [ RunTime:0.000000s ]
INFO: [ app_init ] --END-- [ RunTime:0.001001s ]

[ 2017-08-09T14:11:11+08:00 ] ::1 /dangdang/index.php/Admin/Login/login
INFO: [ app_init ] --START--
INFO: Run Behavior\BuildLiteBehavior [ RunTime:0.000000s ]
INFO: [ app_init ] --END-- [ RunTime:0.000000s ]

[ 2017-08-09T14:11:11+08:00 ] ::1 /dangdang/index.php/Admin/Index/index.html
INFO: [ app_init ] --START--
INFO: Run Behavior\BuildLiteBehavior [ RunTime:0.000000s ]
INFO: [ app_init ] --END-- [ RunTime:0.001000s ]

[ 2017-08-09T14:12:10+08:00 ] ::1 /dangdang/Admin/Role/show_grant.html
INFO: [ app_init ] --START--
INFO: Run Behavior\BuildLiteBehavior [ RunTime:0.000000s ]
INFO: [ app_init ] --END-- [ RunTime:0.000000s ]

[ 2017-08-09T14:12:11+08:00 ] ::1 /dangdang/Admin/Role/add_role_limit.html?role_id=1
INFO: [ app_init ] --START--
INFO: Run Behavior\BuildLiteBehavior [ RunTime:0.000000s ]
INFO: [ app_init ] --END-- [ RunTime:0.000000s ]
INFO: [ app_begin ] --START--
INFO: Run Behavior\ReadHtmlCacheBehavior [ RunTime:0.001001s ]
INFO: [ app_begin ] --END-- [ RunTime:0.001001s ]
SQL: SELECT A.* FROM `shop_limit` AS A 
              LEFT JOIN `shop_role_limit` AS B ON A.id=B.limit_id 
              LEFT JOIN shop_role C ON B.role_id=C.id 
              INNER JOIN shop_admin_role AS D ON C.id=D.role_id AND D.admin_id=1 [ RunTime:0.0010s ]
SQL: SELECT A.* FROM `shop_limit` AS A 
              LEFT JOIN `shop_role_limit` AS B ON A.id=B.limit_id 
              LEFT JOIN shop_role C ON B.role_id=C.id 
              INNER JOIN shop_admin_role AS D ON C.id=D.role_id AND D.admin_id=1 [ RunTime:0.0010s ]
SQL: SHOW COLUMNS FROM `shop_role_limit` [ RunTime:0.0000s ]
SQL: SELECT id,limit_id FROM shop_role_limit WHERE role_id='1' [ RunTime:0.0010s ]

[ 2017-08-09T14:12:15+08:00 ] ::1 /dangdang/Admin/Role/add_role_limit.html?role_id=2
INFO: [ app_init ] --START--
INFO: Run Behavior\BuildLiteBehavior [ RunTime:0.000000s ]
INFO: [ app_init ] --END-- [ RunTime:0.000000s ]
INFO: [ app_begin ] --START--
INFO: Run Behavior\ReadHtmlCacheBehavior [ RunTime:0.001000s ]
INFO: [ app_begin ] --END-- [ RunTime:0.001000s ]
SQL: SELECT A.* FROM `shop_limit` AS A 
              LEFT JOIN `shop_role_limit` AS B ON A.id=B.limit_id 
              LEFT JOIN shop_role C ON B.role_id=C.id 
              INNER JOIN shop_admin_role AS D ON C.id=D.role_id AND D.admin_id=1 [ RunTime:0.0010s ]
SQL: SELECT A.* FROM `shop_limit` AS A 
              LEFT JOIN `shop_role_limit` AS B ON A.id=B.limit_id 
              LEFT JOIN shop_role C ON B.role_id=C.id 
              INNER JOIN shop_admin_role AS D ON C.id=D.role_id AND D.admin_id=1 [ RunTime:0.0000s ]
SQL: SHOW COLUMNS FROM `shop_role_limit` [ RunTime:0.0010s ]
SQL: SELECT id,limit_id FROM shop_role_limit WHERE role_id='2' [ RunTime:0.0000s ]

[ 2017-08-09T14:12:24+08:00 ] ::1 /dangdang/Admin/Role/add_role_limit.html
INFO: [ app_init ] --START--
INFO: Run Behavior\BuildLiteBehavior [ RunTime:0.000000s ]
INFO: [ app_init ] --END-- [ RunTime:0.000000s ]
INFO: [ app_begin ] --START--
INFO: Run Behavior\ReadHtmlCacheBehavior [ RunTime:0.001000s ]
INFO: [ app_begin ] --END-- [ RunTime:0.001000s ]
SQL: SELECT A.* FROM `shop_limit` AS A 
              LEFT JOIN `shop_role_limit` AS B ON A.id=B.limit_id 
              LEFT JOIN shop_role C ON B.role_id=C.id 
              INNER JOIN shop_admin_role AS D ON C.id=D.role_id AND D.admin_id=1 [ RunTime:0.0010s ]
SQL: SELECT A.* FROM `shop_limit` AS A 
              LEFT JOIN `shop_role_limit` AS B ON A.id=B.limit_id 
              LEFT JOIN shop_role C ON B.role_id=C.id 
              INNER JOIN shop_admin_role AS D ON C.id=D.role_id AND D.admin_id=1 [ RunTime:0.0000s ]
SQL: SHOW COLUMNS FROM `shop_role_limit` [ RunTime:0.0000s ]
SQL: SELECT id,limit_id FROM shop_role_limit WHERE role_id='2' [ RunTime:0.0000s ]
SQL: DELETE FROM `shop_role_limit` WHERE `role_id` = 2 AND `limit_id` = 2 [ RunTime:0.0000s ]
SQL: DELETE FROM `shop_role_limit` WHERE `role_id` = 2 AND `limit_id` = 5 [ RunTime:0.0000s ]
SQL: DELETE FROM `shop_role_limit` WHERE `role_id` = 2 AND `limit_id` = 6 [ RunTime:0.0000s ]
SQL: DELETE FROM `shop_role_limit` WHERE `role_id` = 2 AND `limit_id` = 3 [ RunTime:0.0000s ]

[ 2017-08-09T14:12:37+08:00 ] ::1 /dangdang/Admin/Role/add_role_limit.html
INFO: [ app_init ] --START--
INFO: Run Behavior\BuildLiteBehavior [ RunTime:0.000000s ]
INFO: [ app_init ] --END-- [ RunTime:0.001000s ]
INFO: [ app_begin ] --START--
INFO: Run Behavior\ReadHtmlCacheBehavior [ RunTime:0.000000s ]
INFO: [ app_begin ] --END-- [ RunTime:0.000000s ]
SQL: SELECT A.* FROM `shop_limit` AS A 
              LEFT JOIN `shop_role_limit` AS B ON A.id=B.limit_id 
              LEFT JOIN shop_role C ON B.role_id=C.id 
              INNER JOIN shop_admin_role AS D ON C.id=D.role_id AND D.admin_id=1 [ RunTime:0.0010s ]
SQL: SELECT A.* FROM `shop_limit` AS A 
              LEFT JOIN `shop_role_limit` AS B ON A.id=B.limit_id 
              LEFT JOIN shop_role C ON B.role_id=C.id 
              INNER JOIN shop_admin_role AS D ON C.id=D.role_id AND D.admin_id=1 [ RunTime:0.0010s ]
SQL: SHOW COLUMNS FROM `shop_role_limit` [ RunTime:0.0000s ]
SQL: SELECT id,limit_id FROM shop_role_limit WHERE role_id='2' [ RunTime:0.0000s ]
SQL: INSERT INTO `shop_role_limit` (`role_id`,`limit_id`) VALUES ('2','2'),('2','5'),('2','6'),('2','3') [ RunTime:0.0000s ]
SQL: DELETE FROM `shop_role_limit` WHERE `role_id` = 2 AND `limit_id` = 1 [ RunTime:0.0000s ]

[ 2017-08-09T14:13:01+08:00 ] ::1 /dangdang/Admin/Role/show_grant.html
INFO: [ app_init ] --START--
INFO: Run Behavior\BuildLiteBehavior [ RunTime:0.000000s ]
INFO: [ app_init ] --END-- [ RunTime:0.001001s ]

[ 2017-08-09T14:13:02+08:00 ] ::1 /dangdang/Admin/Role/add_role_limit.html?role_id=2
INFO: [ app_init ] --START--
INFO: Run Behavior\BuildLiteBehavior [ RunTime:0.000000s ]
INFO: [ app_init ] --END-- [ RunTime:0.001000s ]
INFO: [ app_begin ] --START--
INFO: Run Behavior\ReadHtmlCacheBehavior [ RunTime:0.001000s ]
INFO: [ app_begin ] --END-- [ RunTime:0.001000s ]
SQL: SELECT A.* FROM `shop_limit` AS A 
              LEFT JOIN `shop_role_limit` AS B ON A.id=B.limit_id 
              LEFT JOIN shop_role C ON B.role_id=C.id 
              INNER JOIN shop_admin_role AS D ON C.id=D.role_id AND D.admin_id=1 [ RunTime:0.0010s ]
SQL: SELECT A.* FROM `shop_limit` AS A 
              LEFT JOIN `shop_role_limit` AS B ON A.id=B.limit_id 
              LEFT JOIN shop_role C ON B.role_id=C.id 
              INNER JOIN shop_admin_role AS D ON C.id=D.role_id AND D.admin_id=1 [ RunTime:0.0010s ]
SQL: SHOW COLUMNS FROM `shop_role_limit` [ RunTime:0.0010s ]
SQL: SELECT id,limit_id FROM shop_role_limit WHERE role_id='2' [ RunTime:0.0000s ]

[ 2017-08-09T14:13:05+08:00 ] ::1 /dangdang/Admin/Role/show_grant.html
INFO: [ app_init ] --START--
INFO: Run Behavior\BuildLiteBehavior [ RunTime:0.000000s ]
INFO: [ app_init ] --END-- [ RunTime:0.001001s ]

[ 2017-08-09T14:13:05+08:00 ] ::1 /dangdang/Admin/Role/add_role_limit.html?role_id=1
INFO: [ app_init ] --START--
INFO: Run Behavior\BuildLiteBehavior [ RunTime:0.000000s ]
INFO: [ app_init ] --END-- [ RunTime:0.001000s ]
INFO: [ app_begin ] --START--
INFO: Run Behavior\ReadHtmlCacheBehavior [ RunTime:0.002000s ]
INFO: [ app_begin ] --END-- [ RunTime:0.002000s ]
SQL: SELECT A.* FROM `shop_limit` AS A 
              LEFT JOIN `shop_role_limit` AS B ON A.id=B.limit_id 
              LEFT JOIN shop_role C ON B.role_id=C.id 
              INNER JOIN shop_admin_role AS D ON C.id=D.role_id AND D.admin_id=1 [ RunTime:0.0000s ]
SQL: SELECT A.* FROM `shop_limit` AS A 
              LEFT JOIN `shop_role_limit` AS B ON A.id=B.limit_id 
              LEFT JOIN shop_role C ON B.role_id=C.id 
              INNER JOIN shop_admin_role AS D ON C.id=D.role_id AND D.admin_id=1 [ RunTime:0.0000s ]
SQL: SHOW COLUMNS FROM `shop_role_limit` [ RunTime:0.0000s ]
SQL: SELECT id,limit_id FROM shop_role_limit WHERE role_id='1' [ RunTime:0.0000s ]

[ 2017-08-09T14:13:08+08:00 ] ::1 /dangdang/Admin/Role/add_role_limit.html?role_id=2
INFO: [ app_init ] --START--
INFO: Run Behavior\BuildLiteBehavior [ RunTime:0.000000s ]
INFO: [ app_init ] --END-- [ RunTime:0.000000s ]
INFO: [ app_begin ] --START--
INFO: Run Behavior\ReadHtmlCacheBehavior [ RunTime:0.002000s ]
INFO: [ app_begin ] --END-- [ RunTime:0.002000s ]
SQL: SELECT A.* FROM `shop_limit` AS A 
              LEFT JOIN `shop_role_limit` AS B ON A.id=B.limit_id 
              LEFT JOIN shop_role C ON B.role_id=C.id 
              INNER JOIN shop_admin_role AS D ON C.id=D.role_id AND D.admin_id=1 [ RunTime:0.0010s ]
SQL: SELECT A.* FROM `shop_limit` AS A 
              LEFT JOIN `shop_role_limit` AS B ON A.id=B.limit_id 
              LEFT JOIN shop_role C ON B.role_id=C.id 
              INNER JOIN shop_admin_role AS D ON C.id=D.role_id AND D.admin_id=1 [ RunTime:0.0010s ]
SQL: SHOW COLUMNS FROM `shop_role_limit` [ RunTime:0.0000s ]
SQL: SELECT id,limit_id FROM shop_role_limit WHERE role_id='2' [ RunTime:0.0010s ]

[ 2017-08-09T14:13:12+08:00 ] ::1 /dangdang/Admin/Role/add_role_limit.html
INFO: [ app_init ] --START--
INFO: Run Behavior\BuildLiteBehavior [ RunTime:0.000000s ]
INFO: [ app_init ] --END-- [ RunTime:0.001000s ]
INFO: [ app_begin ] --START--
INFO: Run Behavior\ReadHtmlCacheBehavior [ RunTime:0.001000s ]
INFO: [ app_begin ] --END-- [ RunTime:0.001000s ]
SQL: SELECT A.* FROM `shop_limit` AS A 
              LEFT JOIN `shop_role_limit` AS B ON A.id=B.limit_id 
              LEFT JOIN shop_role C ON B.role_id=C.id 
              INNER JOIN shop_admin_role AS D ON C.id=D.role_id AND D.admin_id=1 [ RunTime:0.0010s ]
SQL: SELECT A.* FROM `shop_limit` AS A 
              LEFT JOIN `shop_role_limit` AS B ON A.id=B.limit_id 
              LEFT JOIN shop_role C ON B.role_id=C.id 
              INNER JOIN shop_admin_role AS D ON C.id=D.role_id AND D.admin_id=1 [ RunTime:0.0010s ]
SQL: SHOW COLUMNS FROM `shop_role_limit` [ RunTime:0.0000s ]
SQL: SELECT id,limit_id FROM shop_role_limit WHERE role_id='2' [ RunTime:0.0000s ]
SQL: INSERT INTO `shop_role_limit` (`role_id`,`limit_id`) VALUES ('2','1') [ RunTime:0.0000s ]

[ 2017-08-09T14:13:15+08:00 ] ::1 /dangdang/Admin/Role/show_grant.html
INFO: [ app_init ] --START--
INFO: Run Behavior\BuildLiteBehavior [ RunTime:0.000000s ]
INFO: [ app_init ] --END-- [ RunTime:0.000000s ]

[ 2017-08-09T14:13:15+08:00 ] ::1 /dangdang/Admin/Role/add_role_limit.html?role_id=2
INFO: [ app_init ] --START--
INFO: Run Behavior\BuildLiteBehavior [ RunTime:0.000000s ]
INFO: [ app_init ] --END-- [ RunTime:0.001000s ]
INFO: [ app_begin ] --START--
INFO: Run Behavior\ReadHtmlCacheBehavior [ RunTime:0.001000s ]
INFO: [ app_begin ] --END-- [ RunTime:0.001000s ]
SQL: SELECT A.* FROM `shop_limit` AS A 
              LEFT JOIN `shop_role_limit` AS B ON A.id=B.limit_id 
              LEFT JOIN shop_role C ON B.role_id=C.id 
              INNER JOIN shop_admin_role AS D ON C.id=D.role_id AND D.admin_id=1 [ RunTime:0.0000s ]
SQL: SELECT A.* FROM `shop_limit` AS A 
              LEFT JOIN `shop_role_limit` AS B ON A.id=B.limit_id 
              LEFT JOIN shop_role C ON B.role_id=C.id 
              INNER JOIN shop_admin_role AS D ON C.id=D.role_id AND D.admin_id=1 [ RunTime:0.0000s ]
SQL: SHOW COLUMNS FROM `shop_role_limit` [ RunTime:0.0010s ]
SQL: SELECT id,limit_id FROM shop_role_limit WHERE role_id='2' [ RunTime:0.0000s ]

